android project/ServletTest/app/build/outputs/logs/manifest-merger-debug-report.txt
-- Merging decision tree log ---
manifest
ADDED from src/main/AndroidManifest.xml:2:1-102:12
	package
		ADDED from src/main/AndroidManifest.xml:3:5-41
		INJECTED from src/main/AndroidManifest.xml
		INJECTED from src/main/AndroidManifest.xml
	android:versionName
		INJECTED from src/main/AndroidManifest.xml
		INJECTED from src/main/AndroidManifest.xml
	xmlns:android
		ADDED from src/main/AndroidManifest.xml:2:11-69
	android:versionCode
		INJECTED from src/main/AndroidManifest.xml
		INJECTED from src/main/AndroidManifest.xml
uses-permission#android.permission.INTERNET
ADDED from src/main/AndroidManifest.xml:5:5-66
	android:name
		ADDED from src/main/AndroidManifest.xml:5:22-64
uses-permission#android.permission.MODIFY_AUDIO_SETTINGS
ADDED from src/main/AndroidManifest.xml:6:5-79
	android:name
		ADDED from src/main/AndroidManifest.xml:6:22-77
uses-permission#android.permission.WRITE_EXTERNAL_STORAGE
ADDED from src/main/AndroidManifest.xml:7:5-80
	android:name
		ADDED from src/main/AndroidManifest.xml:7:22-78
uses-permission#android.permission.CAMERA
ADDED from src/main/AndroidManifest.xml:8:5-65
	android:name
		ADDED from src/main/AndroidManifest.xml:8:22-62
uses-permission#android.permission.RECORD_AUDIO
ADDED from src/main/AndroidManifest.xml:9:5-71
	android:name
		ADDED from src/main/AndroidManifest.xml:9:22-68
uses-feature#android.hardware.sensor.accelerometer
ADDED from src/main/AndroidManifest.xml:10:5-98
	android:required
		ADDED from src/main/AndroidManifest.xml:10:72-95
	android:name
		ADDED from src/main/AndroidManifest.xml:10:19-71
uses-feature#android.hardware.camera
ADDED from src/main/AndroidManifest.xml:11:5-85
	android:required
		ADDED from src/main/AndroidManifest.xml:11:58-82
	android:name
		ADDED from src/main/AndroidManifest.xml:11:19-57
application
ADDED from src/main/AndroidManifest.xml:14:5-100:19
MERGED from [com.android.support:appcompat-v7:23.2.1] AndroidManifest.xml:25:5-20
MERGED from [com.android.support:support-v4:23.2.1] AndroidManifest.xml:22:5-20
MERGED from [com.android.support:animated-vector-drawable:23.2.1] AndroidManifest.xml:7:5-20
MERGED from [com.android.support:support-vector-drawable:23.2.1] AndroidManifest.xml:7:5-20
MERGED from [com.android.support:support-v4:23.2.1] AndroidManifest.xml:22:5-20
MERGED from [com.android.support:support-vector-drawable:23.2.1] AndroidManifest.xml:7:5-20
MERGED from [com.android.support:support-v4:23.2.1] AndroidManifest.xml:22:5-20
MERGED from [com.android.support:design:23.2.1] AndroidManifest.xml:22:5-20
MERGED from [com.android.support:support-v4:23.2.1] AndroidManifest.xml:22:5-20
MERGED from [com.android.support:appcompat-v7:23.2.1] AndroidManifest.xml:25:5-20
MERGED from [com.android.support:support-v4:23.2.1] AndroidManifest.xml:22:5-20
MERGED from [com.android.support:animated-vector-drawable:23.2.1] AndroidManifest.xml:7:5-20
MERGED from [com.android.support:support-vector-drawable:23.2.1] AndroidManifest.xml:7:5-20
MERGED from [com.android.support:support-v4:23.2.1] AndroidManifest.xml:22:5-20
MERGED from [com.android.support:support-vector-drawable:23.2.1] AndroidManifest.xml:7:5-20
MERGED from [com.android.support:support-v4:23.2.1] AndroidManifest.xml:22:5-20
MERGED from [com.android.support:support-v4:23.2.1] AndroidManifest.xml:22:5-20
MERGED from [com.facebook.android:facebook-android-sdk:4.11.0] AndroidManifest.xml:28:5-20
MERGED from [com.android.support:support-v4:23.2.1] AndroidManifest.xml:22:5-20
MERGED from [com.android.support:cardview-v7:23.2.1] AndroidManifest.xml:22:5-20
MERGED from [com.android.support:customtabs:23.2.1] AndroidManifest.xml:22:5-20
MERGED from [com.android.support:support-v4:23.2.1] AndroidManifest.xml:22:5-20
MERGED from [com.android.volley:volley:unspecified] AndroidManifest.xml:9:5-20
	android:label
		ADDED from src/main/AndroidManifest.xml:18:9-41
	android:supportsRtl
		ADDED from src/main/AndroidManifest.xml:19:9-35
	android:allowBackup
		ADDED from src/main/AndroidManifest.xml:16:9-35
	android:icon
		ADDED from src/main/AndroidManifest.xml:17:9-43
	android:theme
		ADDED from src/main/AndroidManifest.xml:20:9-40
	android:name
		ADDED from src/main/AndroidManifest.xml:15:9-38
meta-data#com.facebook.sdk.ApplicationId
ADDED from src/main/AndroidManifest.xml:22:9-107
	android:value
		ADDED from src/main/AndroidManifest.xml:22:66-105
	android:name
		ADDED from src/main/AndroidManifest.xml:22:20-65
activity#com.wakiedokie.waikiedokie.ui.LoginActivity
ADDED from src/main/AndroidManifest.xml:24:9-33:20
	android:label
		ADDED from src/main/AndroidManifest.xml:26:13-45
	android:theme
		ADDED from src/main/AndroidManifest.xml:27:13-56
	android:name
		ADDED from src/main/AndroidManifest.xml:25:13-45
intent-filter#android.intent.action.MAIN+android.intent.category.LAUNCHER
ADDED from src/main/AndroidManifest.xml:28:13-32:29
action#android.intent.action.MAIN
ADDED from src/main/AndroidManifest.xml:29:17-69
	android:name
		ADDED from src/main/AndroidManifest.xml:29:25-66
category#android.intent.category.LAUNCHER
ADDED from src/main/AndroidManifest.xml:31:17-77
	android:name
		ADDED from src/main/AndroidManifest.xml:31:27-74
activity#com.wakiedokie.waikiedokie.ui.AlarmMainActivity
ADDED from src/main/AndroidManifest.xml:35:9-39:20
	android:label
		ADDED from src/main/AndroidManifest.xml:38:13-45
	android:launchMode
		ADDED from src/main/AndroidManifest.xml:37:13-44
	android:name
		ADDED from src/main/AndroidManifest.xml:36:13-49
activity#com.wakiedokie.waikiedokie.ui.AlarmEditTimeActivity
ADDED from src/main/AndroidManifest.xml:41:9-44:20
	android:label
		ADDED from src/main/AndroidManifest.xml:43:13-45
	android:name
		ADDED from src/main/AndroidManifest.xml:42:13-53
activity#com.wakiedokie.waikiedokie.ui.AlarmSelectBuddyActivity
ADDED from src/main/AndroidManifest.xml:46:9-49:20
	android:label
		ADDED from src/main/AndroidManifest.xml:48:13-45
	android:name
		ADDED from src/main/AndroidManifest.xml:47:13-56
activity#com.wakiedokie.waikiedokie.ui.AlarmConfirmActivity
ADDED from src/main/AndroidManifest.xml:51:9-54:20
	android:label
		ADDED from src/main/AndroidManifest.xml:53:13-45
	android:name
		ADDED from src/main/AndroidManifest.xml:52:13-52
activity#com.wakiedokie.waikiedokie.ui.AlarmEditTypeActivity
ADDED from src/main/AndroidManifest.xml:56:9-59:20
	android:label
		ADDED from src/main/AndroidManifest.xml:58:13-45
	android:name
		ADDED from src/main/AndroidManifest.xml:57:13-53
activity#com.wakiedokie.waikiedokie.ui.AlarmStatusActivity
ADDED from src/main/AndroidManifest.xml:61:9-64:20
	android:label
		ADDED from src/main/AndroidManifest.xml:63:13-45
	android:name
		ADDED from src/main/AndroidManifest.xml:62:13-51
activity#com.wakiedokie.waikiedokie.ui.SetVideoActivity
ADDED from src/main/AndroidManifest.xml:66:9-69:20
	android:label
		ADDED from src/main/AndroidManifest.xml:68:13-45
	android:name
		ADDED from src/main/AndroidManifest.xml:67:13-48
activity#com.wakiedokie.waikiedokie.ui.ConfirmVideoActivity
ADDED from src/main/AndroidManifest.xml:71:9-74:20
	android:label
		ADDED from src/main/AndroidManifest.xml:73:13-45
	android:name
		ADDED from src/main/AndroidManifest.xml:72:13-52
activity#com.wakiedokie.waikiedokie.ui.SetQuizActivity
ADDED from src/main/AndroidManifest.xml:76:9-79:20
	android:label
		ADDED from src/main/AndroidManifest.xml:78:13-45
	android:name
		ADDED from src/main/AndroidManifest.xml:77:13-47
activity#com.wakiedokie.waikiedokie.ui.RingShakeActivity
ADDED from src/main/AndroidManifest.xml:81:9-84:20
	android:label
		ADDED from src/main/AndroidManifest.xml:83:13-45
	android:name
		ADDED from src/main/AndroidManifest.xml:82:13-49
activity#com.wakiedokie.waikiedokie.ui.RingQuizActivity
ADDED from src/main/AndroidManifest.xml:86:9-89:20
	android:label
		ADDED from src/main/AndroidManifest.xml:88:13-45
	android:name
		ADDED from src/main/AndroidManifest.xml:87:13-48
activity#com.facebook.FacebookActivity
ADDED from src/main/AndroidManifest.xml:91:9-95:48
	android:label
		ADDED from src/main/AndroidManifest.xml:95:13-45
	android:configChanges
		ADDED from src/main/AndroidManifest.xml:92:13-113
	android:theme
		ADDED from src/main/AndroidManifest.xml:94:13-72
	android:name
		ADDED from src/main/AndroidManifest.xml:91:19-63
uses-sdk
INJECTED from src/main/AndroidManifest.xml reason: use-sdk injection requested
MERGED from [com.android.support:appcompat-v7:23.2.1] AndroidManifest.xml:21:5-23:78
MERGED from [com.android.support:support-v4:23.2.1] AndroidManifest.xml:20:5-43
MERGED from [com.android.support:animated-vector-drawable:23.2.1] AndroidManifest.xml:5:5-44
MERGED from [com.android.support:support-vector-drawable:23.2.1] AndroidManifest.xml:5:5-43
MERGED from [com.android.support:support-v4:23.2.1] AndroidManifest.xml:20:5-43
MERGED from [com.android.support:support-vector-drawable:23.2.1] AndroidManifest.xml:5:5-43
MERGED from [com.android.support:support-v4:23.2.1] AndroidManifest.xml:20:5-43
MERGED from [com.android.support:design:23.2.1] AndroidManifest.xml:20:5-43
MERGED from [com.android.support:support-v4:23.2.1] AndroidManifest.xml:20:5-43
MERGED from [com.android.support:appcompat-v7:23.2.1] AndroidManifest.xml:21:5-23:78
MERGED from [com.android.support:support-v4:23.2.1] AndroidManifest.xml:20:5-43
MERGED from [com.android.support:animated-vector-drawable:23.2.1] AndroidManifest.xml:5:5-44
MERGED from [com.android.support:support-vector-drawable:23.2.1] AndroidManifest.xml:5:5-43
MERGED from [com.android.support:support-v4:23.2.1] AndroidManifest.xml:20:5-43
MERGED from [com.android.support:support-vector-drawable:23.2.1] AndroidManifest.xml:5:5-43
MERGED from [com.android.support:support-v4:23.2.1] AndroidManifest.xml:20:5-43
MERGED from [com.android.support:recyclerview-v7:23.2.1] AndroidManifest.xml:20:5-43
MERGED from [com.android.support:support-v4:23.2.1] AndroidManifest.xml:20:5-43
MERGED from [com.facebook.android:facebook-android-sdk:4.11.0] AndroidManifest.xml:24:5-26:41
MERGED from [com.android.support:support-v4:23.2.1] AndroidManifest.xml:20:5-43
MERGED from [com.android.support:cardview-v7:23.2.1] AndroidManifest.xml:20:5-43
MERGED from [com.android.support:customtabs:23.2.1] AndroidManifest.xml:20:5-44
MERGED from [com.android.support:support-v4:23.2.1] AndroidManifest.xml:20:5-43
MERGED from [com.android.volley:volley:unspecified] AndroidManifest.xml:7:5-43
	tools:overrideLibrary
		ADDED from [com.android.support:appcompat-v7:23.2.1] AndroidManifest.xml:23:9-75
	android:targetSdkVersion
		INJECTED from src/main/AndroidManifest.xml
		INJECTED from src/main/AndroidManifest.xml
	android:minSdkVersion
		INJECTED from src/main/AndroidManifest.xml
		INJECTED from src/main/AndroidManifest.xml